#
# (c) Copyright IBM Corporation 2016.
# LICENSE: Apache License, Version 2.0 https://www.apache.org/licenses/LICENSE-2.0
#
# NLS_MESSAGEFORMAT_VAR
# NLS_ENCODING=UNICODE

saclientutil.name=SA Client
saclientutil.help=Please enter the path to the SA client utilities (e.g. C:\SAClientUtil.x.y.z)

section.util=Utility Configuration
label.util=SA Client Utility
err.selectedUtil=You must configure an agent with the SA Client capability

section.asoc=ASoC Information
label.cred=Credentials
err.selectedCred=You do not have any shared credentials configured
label.appid=Application ID
err.appId=The application ID is required

section.fail=Build Failure Criteria
section.fail.desc=For each findings severity level, set the maximum number of findings before a build failure is caused. To ignore a particular severity of findings, leave its field blank.
label.high=High severity findings
label.medium=Medium severity findings
label.low=Low severity findings
err.nan=The value is not a valid number

err.no.artifacts=There are no build artifacts configured. A scan will not be done.
copy.artifact=Copying artifact ''{0}'' to {1}
util.info={0} selected. Full path is: {1}
publish.artifact=Publishing an artifact: {0}

generate.irx=Generating IRX file {0} in directory {1}
generate.irx.failed=Failed to generate IRX file. Exit code {0}

submit.irx=Submitting IRX file to ASoC service
submit.irx.failed=Failed to submit IRX file to the service. Exit code {0}
submit.irx.failed2=Failed to submit IRX file to the service.

status.check=Checking status of the scan
status.check.failed=Failed to retrieve status of the scan.
status.check.is=Status of the scan is: {0}
scan.failed=The scan failed to run on the service

download.result=Downloading the scan results
download.result.failed=Failed to download the scan results. Exit code {0}
result.artifact=Scan Results

maxHigh.none=::::: No build failure criterion set for high severity findings :::::
maxHigh.fail=::::: {0} high severity findings found, exceeding the defined limit of {1}. FAILED! :::::
maxHigh.pass=::::: {0} high severity findings found, which is within the defined limit of {1}. PASSED! :::::

maxMedium.none=::::: No build failure criterion set for medium severity findings :::::
maxMedium.fail=::::: {0} medium severity findings found, exceeding the defined limit of {1}. FAILED! :::::
maxMedium.pass=::::: {0} medium severity findings found, which is within the defined limit of {1}. PASSED! :::::

maxLow.none=::::: No build failure criterion set for low severity findings :::::
maxLow.fail=::::: {0} low severity findings found, exceeding the defined limit of {1}. FAILED! :::::
maxLow.pass=::::: {0} low severity findings found, which is within the defined limit of {1}. PASSED! :::::